<?xml version="1.0" encoding="UTF-8"?>
<!-- Generated by org.testng.reporters.JUnitReportReporter -->
<testsuite skipped="0" hostname="DESKTOP-DRSERU0" name="test.UserTest" tests="2" failures="0" timestamp="2021-01-08T06:23:22 MSK" time="21.471" errors="0">
  <testcase name="LoginUser" time="7.521" classname="test.UserTest"/>
  <testcase name="EditCityInAccount" time="13.950" classname="test.UserTest"/>
</testsuite> <!-- test.UserTest -->
