<?xml version="1.0" encoding="UTF-8"?>
<!-- Generated by org.testng.reporters.JUnitReportReporter -->
<testsuite skipped="0" hostname="DESKTOP-DRSERU0" name="test.UserTest" tests="2" failures="0" timestamp="2021-01-06T09:05:56 MSK" time="23.902" errors="0">
  <testcase name="EditCityInAccount" time="15.933" classname="test.UserTest"/>
  <testcase name="LoginUser" time="7.969" classname="test.UserTest"/>
</testsuite> <!-- test.UserTest -->
